{"C:\\Users\\AM 2024\\Downloads\\معرض المشاريع\\cashier system\\backend\\src\\config\\db.ts": {"path":"C:\\Users\\AM 2024\\Downloads\\معرض المشاريع\\cashier system\\backend\\src\\config\\db.ts","statementMap":{"0":{"start":{"line":38,"column":0},"end":{"line":38,"column":7}},"1":{"start":{"line":80,"column":0},"end":{"line":80,"column":7}},"2":{"start":{"line":95,"column":0},"end":{"line":95,"column":7}},"3":{"start":{"line":123,"column":0},"end":{"line":123,"column":7}},"4":{"start":{"line":153,"column":0},"end":{"line":153,"column":7}},"5":{"start":{"line":13,"column":0},"end":{"line":13,"column":40}},"6":{"start":{"line":14,"column":0},"end":{"line":14,"column":30}},"7":{"start":{"line":15,"column":0},"end":{"line":15,"column":38}},"8":{"start":{"line":16,"column":0},"end":{"line":16,"column":28}},"9":{"start":{"line":17,"column":0},"end":{"line":17,"column":24}},"10":{"start":{"line":18,"column":0},"end":{"line":18,"column":46}},"11":{"start":{"line":20,"column":0},"end":{"line":20,"column":16}},"12":{"start":{"line":22,"column":36},"end":{"line":22,"column":119}},"13":{"start":{"line":23,"column":26},"end":{"line":23,"column":30}},"14":{"start":{"line":24,"column":32},"end":{"line":24,"column":36}},"15":{"start":{"line":27,"column":23},"end":{"line":35,"column":2}},"16":{"start":{"line":87,"column":2},"end":{"line":91,"column":3}},"17":{"start":{"line":88,"column":4},"end":{"line":88,"column":27}},"18":{"start":{"line":89,"column":4},"end":{"line":89,"column":20}},"19":{"start":{"line":90,"column":4},"end":{"line":90,"column":44}},"20":{"start":{"line":119,"column":2},"end":{"line":119,"column":46}},"21":{"start":{"line":149,"column":2},"end":{"line":149,"column":46}},"22":{"start":{"line":154,"column":16},"end":{"line":154,"column":26}},"23":{"start":{"line":155,"column":2},"end":{"line":171,"column":3}},"24":{"start":{"line":168,"column":4},"end":{"line":168,"column":44}},"25":{"start":{"line":170,"column":4},"end":{"line":170,"column":61}},"26":{"start":{"line":176,"column":2},"end":{"line":176,"column":24}},"27":{"start":{"line":176,"column":17},"end":{"line":176,"column":24}},"28":{"start":{"line":178,"column":2},"end":{"line":351,"column":5}},"29":{"start":{"line":354,"column":2},"end":{"line":394,"column":5}},"30":{"start":{"line":396,"column":2},"end":{"line":396,"column":55}}},"fnMap":{"0":{"name":"initDb","decl":{"start":{"line":38,"column":22},"end":{"line":38,"column":28}},"loc":{"start":{"line":38,"column":28},"end":{"line":78,"column":1}}},"1":{"name":"closeDb","decl":{"start":{"line":80,"column":22},"end":{"line":80,"column":29}},"loc":{"start":{"line":80,"column":29},"end":{"line":92,"column":1}}},"2":{"name":"query","decl":{"start":{"line":95,"column":22},"end":{"line":95,"column":27}},"loc":{"start":{"line":95,"column":59},"end":{"line":120,"column":1}}},"3":{"name":"withTransaction","decl":{"start":{"line":123,"column":22},"end":{"line":123,"column":37}},"loc":{"start":{"line":123,"column":90},"end":{"line":150,"column":1}}},"4":{"name":"dbHealthCheck","decl":{"start":{"line":153,"column":22},"end":{"line":153,"column":35}},"loc":{"start":{"line":153,"column":35},"end":{"line":172,"column":1}}},"5":{"name":"createSqliteSchema","decl":{"start":{"line":175,"column":15},"end":{"line":175,"column":33}},"loc":{"start":{"line":175,"column":33},"end":{"line":397,"column":1}}}},"branchMap":{"0":{"loc":{"start":{"line":22,"column":36},"end":{"line":22,"column":119}},"type":"cond-expr","locations":[{"start":{"line":22,"column":98},"end":{"line":22,"column":108}},{"start":{"line":22,"column":111},"end":{"line":22,"column":119}}]},"1":{"loc":{"start":{"line":22,"column":36},"end":{"line":22,"column":95}},"type":"binary-expr","locations":[{"start":{"line":22,"column":36},"end":{"line":22,"column":60}},{"start":{"line":22,"column":64},"end":{"line":22,"column":95}}]},"2":{"loc":{"start":{"line":29,"column":16},"end":{"line":29,"column":47}},"type":"binary-expr","locations":[{"start":{"line":29,"column":16},"end":{"line":29,"column":39}},{"start":{"line":29,"column":43},"end":{"line":29,"column":47}}]},"3":{"loc":{"start":{"line":30,"column":16},"end":{"line":30,"column":46}},"type":"binary-expr","locations":[{"start":{"line":30,"column":16},"end":{"line":30,"column":39}},{"start":{"line":30,"column":43},"end":{"line":30,"column":46}}]},"4":{"loc":{"start":{"line":34,"column":7},"end":{"line":34,"column":83}},"type":"cond-expr","locations":[{"start":{"line":34,"column":47},"end":{"line":34,"column":75}},{"start":{"line":34,"column":78},"end":{"line":34,"column":83}}]},"5":{"loc":{"start":{"line":87,"column":2},"end":{"line":91,"column":3}},"type":"if","locations":[{"start":{"line":87,"column":2},"end":{"line":91,"column":3}}]},"6":{"loc":{"start":{"line":95,"column":41},"end":{"line":95,"column":59}},"type":"default-arg","locations":[{"start":{"line":95,"column":57},"end":{"line":95,"column":59}}]},"7":{"loc":{"start":{"line":176,"column":2},"end":{"line":176,"column":24}},"type":"if","locations":[{"start":{"line":176,"column":2},"end":{"line":176,"column":24}}]}},"s":{"0":3,"1":3,"2":3,"3":3,"4":3,"5":3,"6":3,"7":3,"8":3,"9":3,"10":3,"11":3,"12":3,"13":3,"14":3,"15":3,"16":3,"17":3,"18":3,"19":3,"20":0,"21":0,"22":1,"23":1,"24":0,"25":0,"26":3,"27":0,"28":3,"29":3,"30":3},"f":{"0":3,"1":3,"2":101,"3":0,"4":1,"5":3},"b":{"0":[0,3],"1":[3,0],"2":[3,3],"3":[3,3],"4":[0,3],"5":[3],"6":[68],"7":[0]}}
,"C:\\Users\\AM 2024\\Downloads\\معرض المشاريع\\cashier system\\backend\\src\\controllers\\authController.ts": {"path":"C:\\Users\\AM 2024\\Downloads\\معرض المشاريع\\cashier system\\backend\\src\\controllers\\authController.ts","statementMap":{"0":{"start":{"line":52,"column":0},"end":{"line":52,"column":7}},"1":{"start":{"line":121,"column":0},"end":{"line":121,"column":7}},"2":{"start":{"line":171,"column":0},"end":{"line":171,"column":7}},"3":{"start":{"line":213,"column":0},"end":{"line":213,"column":7}},"4":{"start":{"line":14,"column":0},"end":{"line":14,"column":30}},"5":{"start":{"line":15,"column":0},"end":{"line":15,"column":31}},"6":{"start":{"line":16,"column":0},"end":{"line":16,"column":28}},"7":{"start":{"line":17,"column":0},"end":{"line":17,"column":37}},"8":{"start":{"line":19,"column":0},"end":{"line":19,"column":46}},"9":{"start":{"line":32,"column":20},"end":{"line":32,"column":80}},"10":{"start":{"line":35,"column":20},"end":{"line":35,"column":48}},"11":{"start":{"line":39,"column":2},"end":{"line":39,"column":102}},"12":{"start":{"line":39,"column":27},"end":{"line":39,"column":102}},"13":{"start":{"line":40,"column":2},"end":{"line":40,"column":112}},"14":{"start":{"line":40,"column":34},"end":{"line":40,"column":112}},"15":{"start":{"line":41,"column":2},"end":{"line":41,"column":109}},"16":{"start":{"line":41,"column":31},"end":{"line":41,"column":109}},"17":{"start":{"line":42,"column":2},"end":{"line":42,"column":25}},"18":{"start":{"line":46,"column":2},"end":{"line":48,"column":17}},"19":{"start":{"line":53,"column":30},"end":{"line":53,"column":38}},"20":{"start":{"line":55,"column":2},"end":{"line":57,"column":3}},"21":{"start":{"line":56,"column":4},"end":{"line":56,"column":74}},"22":{"start":{"line":60,"column":2},"end":{"line":62,"column":3}},"23":{"start":{"line":61,"column":4},"end":{"line":61,"column":67}},"24":{"start":{"line":64,"column":2},"end":{"line":117,"column":3}},"25":{"start":{"line":66,"column":18},"end":{"line":68,"column":null}},"26":{"start":{"line":71,"column":4},"end":{"line":75,"column":5}},"27":{"start":{"line":73,"column":6},"end":{"line":73,"column":83}},"28":{"start":{"line":74,"column":6},"end":{"line":74,"column":74}},"29":{"start":{"line":77,"column":17},"end":{"line":77,"column":25}},"30":{"start":{"line":78,"column":28},"end":{"line":78,"column":78}},"31":{"start":{"line":80,"column":4},"end":{"line":83,"column":5}},"32":{"start":{"line":81,"column":6},"end":{"line":81,"column":83}},"33":{"start":{"line":82,"column":6},"end":{"line":82,"column":74}},"34":{"start":{"line":85,"column":20},"end":{"line":85,"column":98}},"35":{"start":{"line":87,"column":24},"end":{"line":87,"column":94}},"36":{"start":{"line":88,"column":25},"end":{"line":88,"column":95}},"37":{"start":{"line":91,"column":20},"end":{"line":91,"column":39}},"38":{"start":{"line":92,"column":22},"end":{"line":92,"column":82}},"39":{"start":{"line":93,"column":4},"end":{"line":102,"column":5}},"40":{"start":{"line":94,"column":6},"end":{"line":97,"column":8}},"41":{"start":{"line":104,"column":4},"end":{"line":104,"column":94}},"42":{"start":{"line":106,"column":4},"end":{"line":111,"column":7}},"43":{"start":{"line":122,"column":53},"end":{"line":122,"column":61}},"44":{"start":{"line":124,"column":2},"end":{"line":126,"column":3}},"45":{"start":{"line":125,"column":4},"end":{"line":125,"column":110}},"46":{"start":{"line":129,"column":2},"end":{"line":131,"column":3}},"47":{"start":{"line":130,"column":4},"end":{"line":130,"column":67}},"48":{"start":{"line":134,"column":18},"end":{"line":134,"column":52}},"49":{"start":{"line":135,"column":2},"end":{"line":137,"column":3}},"50":{"start":{"line":136,"column":4},"end":{"line":136,"column":60}},"51":{"start":{"line":140,"column":2},"end":{"line":142,"column":3}},"52":{"start":{"line":141,"column":4},"end":{"line":141,"column":116}},"53":{"start":{"line":144,"column":2},"end":{"line":167,"column":3}},"54":{"start":{"line":145,"column":26},"end":{"line":145,"column":107}},"55":{"start":{"line":146,"column":4},"end":{"line":148,"column":5}},"56":{"start":{"line":147,"column":6},"end":{"line":147,"column":90}},"57":{"start":{"line":151,"column":25},"end":{"line":151,"column":56}},"58":{"start":{"line":153,"column":19},"end":{"line":153,"column":76}},"59":{"start":{"line":155,"column":4},"end":{"line":158,"column":6}},"60":{"start":{"line":160,"column":4},"end":{"line":160,"column":79}},"61":{"start":{"line":161,"column":4},"end":{"line":161,"column":78}},"62":{"start":{"line":172,"column":34},"end":{"line":172,"column":42}},"63":{"start":{"line":174,"column":2},"end":{"line":176,"column":3}},"64":{"start":{"line":175,"column":4},"end":{"line":175,"column":69}},"65":{"start":{"line":180,"column":2},"end":{"line":185,"column":3}},"66":{"start":{"line":181,"column":4},"end":{"line":181,"column":71}},"67":{"start":{"line":183,"column":4},"end":{"line":183,"column":87}},"68":{"start":{"line":184,"column":4},"end":{"line":184,"column":79}},"69":{"start":{"line":188,"column":2},"end":{"line":201,"column":3}},"70":{"start":{"line":189,"column":19},"end":{"line":191,"column":null}},"71":{"start":{"line":194,"column":4},"end":{"line":197,"column":5}},"72":{"start":{"line":195,"column":6},"end":{"line":195,"column":84}},"73":{"start":{"line":196,"column":6},"end":{"line":196,"column":84}},"74":{"start":{"line":203,"column":22},"end":{"line":206,"column":null}},"75":{"start":{"line":209,"column":2},"end":{"line":209,"column":44}},"76":{"start":{"line":214,"column":34},"end":{"line":214,"column":42}},"77":{"start":{"line":216,"column":2},"end":{"line":224,"column":3}},"78":{"start":{"line":217,"column":4},"end":{"line":223,"column":5}},"79":{"start":{"line":219,"column":6},"end":{"line":219,"column":80}},"80":{"start":{"line":226,"column":2},"end":{"line":226,"column":59}},"81":{"start":{"line":227,"column":2},"end":{"line":227,"column":22}}},"fnMap":{"0":{"name":"validatePasswordStrength","decl":{"start":{"line":38,"column":9},"end":{"line":38,"column":33}},"loc":{"start":{"line":38,"column":50},"end":{"line":43,"column":1}}},"1":{"name":"getClientIp","decl":{"start":{"line":45,"column":9},"end":{"line":45,"column":20}},"loc":{"start":{"line":45,"column":46},"end":{"line":49,"column":1}}},"2":{"name":"login","decl":{"start":{"line":52,"column":22},"end":{"line":52,"column":27}},"loc":{"start":{"line":52,"column":68},"end":{"line":118,"column":1}}},"3":{"name":"register","decl":{"start":{"line":121,"column":22},"end":{"line":121,"column":30}},"loc":{"start":{"line":121,"column":71},"end":{"line":168,"column":1}}},"4":{"name":"token","decl":{"start":{"line":171,"column":22},"end":{"line":171,"column":27}},"loc":{"start":{"line":171,"column":68},"end":{"line":210,"column":1}}},"5":{"name":"logout","decl":{"start":{"line":213,"column":22},"end":{"line":213,"column":28}},"loc":{"start":{"line":213,"column":69},"end":{"line":228,"column":1}}}},"branchMap":{"0":{"loc":{"start":{"line":39,"column":2},"end":{"line":39,"column":102}},"type":"if","locations":[{"start":{"line":39,"column":2},"end":{"line":39,"column":102}}]},"1":{"loc":{"start":{"line":40,"column":2},"end":{"line":40,"column":112}},"type":"if","locations":[{"start":{"line":40,"column":2},"end":{"line":40,"column":112}}]},"2":{"loc":{"start":{"line":41,"column":2},"end":{"line":41,"column":109}},"type":"if","locations":[{"start":{"line":41,"column":2},"end":{"line":41,"column":109}}]},"3":{"loc":{"start":{"line":46,"column":10},"end":{"line":48,"column":16}},"type":"binary-expr","locations":[{"start":{"line":46,"column":10},"end":{"line":46,"column":74}},{"start":{"line":47,"column":7},"end":{"line":47,"column":31}},{"start":{"line":48,"column":7},"end":{"line":48,"column":16}}]},"4":{"loc":{"start":{"line":55,"column":2},"end":{"line":57,"column":3}},"type":"if","locations":[{"start":{"line":55,"column":2},"end":{"line":57,"column":3}}]},"5":{"loc":{"start":{"line":55,"column":6},"end":{"line":55,"column":25}},"type":"binary-expr","locations":[{"start":{"line":55,"column":6},"end":{"line":55,"column":12}},{"start":{"line":55,"column":16},"end":{"line":55,"column":25}}]},"6":{"loc":{"start":{"line":60,"column":2},"end":{"line":62,"column":3}},"type":"if","locations":[{"start":{"line":60,"column":2},"end":{"line":62,"column":3}}]},"7":{"loc":{"start":{"line":71,"column":4},"end":{"line":75,"column":5}},"type":"if","locations":[{"start":{"line":71,"column":4},"end":{"line":75,"column":5}}]},"8":{"loc":{"start":{"line":80,"column":4},"end":{"line":83,"column":5}},"type":"if","locations":[{"start":{"line":80,"column":4},"end":{"line":83,"column":5}}]},"9":{"loc":{"start":{"line":124,"column":2},"end":{"line":126,"column":3}},"type":"if","locations":[{"start":{"line":124,"column":2},"end":{"line":126,"column":3}}]},"10":{"loc":{"start":{"line":124,"column":6},"end":{"line":124,"column":57}},"type":"binary-expr","locations":[{"start":{"line":124,"column":6},"end":{"line":124,"column":11}},{"start":{"line":124,"column":15},"end":{"line":124,"column":21}},{"start":{"line":124,"column":25},"end":{"line":124,"column":34}},{"start":{"line":124,"column":38},"end":{"line":124,"column":43}},{"start":{"line":124,"column":47},"end":{"line":124,"column":57}}]},"11":{"loc":{"start":{"line":129,"column":2},"end":{"line":131,"column":3}},"type":"if","locations":[{"start":{"line":129,"column":2},"end":{"line":131,"column":3}}]},"12":{"loc":{"start":{"line":135,"column":2},"end":{"line":137,"column":3}},"type":"if","locations":[{"start":{"line":135,"column":2},"end":{"line":137,"column":3}}]},"13":{"loc":{"start":{"line":140,"column":2},"end":{"line":142,"column":3}},"type":"if","locations":[{"start":{"line":140,"column":2},"end":{"line":142,"column":3}}]},"14":{"loc":{"start":{"line":146,"column":4},"end":{"line":148,"column":5}},"type":"if","locations":[{"start":{"line":146,"column":4},"end":{"line":148,"column":5}}]},"15":{"loc":{"start":{"line":174,"column":2},"end":{"line":176,"column":3}},"type":"if","locations":[{"start":{"line":174,"column":2},"end":{"line":176,"column":3}}]},"16":{"loc":{"start":{"line":194,"column":4},"end":{"line":197,"column":5}},"type":"if","locations":[{"start":{"line":194,"column":4},"end":{"line":197,"column":5}}]},"17":{"loc":{"start":{"line":216,"column":2},"end":{"line":224,"column":3}},"type":"if","locations":[{"start":{"line":216,"column":2},"end":{"line":224,"column":3}}]}},"s":{"0":1,"1":1,"2":1,"3":1,"4":1,"5":1,"6":1,"7":1,"8":1,"9":1,"10":1,"11":11,"12":1,"13":10,"14":0,"15":10,"16":0,"17":10,"18":22,"19":7,"20":7,"21":0,"22":7,"23":0,"24":7,"25":7,"26":7,"27":1,"28":1,"29":6,"30":6,"31":6,"32":1,"33":1,"34":5,"35":5,"36":5,"37":5,"38":5,"39":5,"40":5,"41":5,"42":5,"43":12,"44":12,"45":0,"46":12,"47":1,"48":11,"49":11,"50":1,"51":10,"52":1,"53":9,"54":9,"55":9,"56":1,"57":8,"58":8,"59":8,"60":8,"61":8,"62":2,"63":2,"64":0,"65":2,"66":2,"67":1,"68":1,"69":1,"70":1,"71":1,"72":0,"73":0,"74":1,"75":1,"76":1,"77":1,"78":1,"79":1,"80":1,"81":1},"f":{"0":11,"1":22,"2":7,"3":12,"4":2,"5":1},"b":{"0":[1],"1":[0],"2":[0],"3":[22,22,0],"4":[0],"5":[7,7],"6":[0],"7":[1],"8":[1],"9":[0],"10":[12,12,12,12,12],"11":[1],"12":[1],"13":[1],"14":[1],"15":[0],"16":[0],"17":[1]}}
,"C:\\Users\\AM 2024\\Downloads\\معرض المشاريع\\cashier system\\backend\\src\\middleware\\auth.ts": {"path":"C:\\Users\\AM 2024\\Downloads\\معرض المشاريع\\cashier system\\backend\\src\\middleware\\auth.ts","statementMap":{"0":{"start":{"line":28,"column":0},"end":{"line":28,"column":16}},"1":{"start":{"line":51,"column":0},"end":{"line":51,"column":16}},"2":{"start":{"line":9,"column":0},"end":{"line":9,"column":31}},"3":{"start":{"line":29,"column":21},"end":{"line":29,"column":49}},"4":{"start":{"line":30,"column":16},"end":{"line":30,"column":54}},"5":{"start":{"line":33,"column":2},"end":{"line":35,"column":3}},"6":{"start":{"line":34,"column":4},"end":{"line":34,"column":70}},"7":{"start":{"line":37,"column":2},"end":{"line":48,"column":5}},"8":{"start":{"line":38,"column":4},"end":{"line":45,"column":5}},"9":{"start":{"line":40,"column":24},"end":{"line":40,"column":56}},"10":{"start":{"line":41,"column":6},"end":{"line":44,"column":9}},"11":{"start":{"line":46,"column":4},"end":{"line":46,"column":20}},"12":{"start":{"line":47,"column":4},"end":{"line":47,"column":11}},"13":{"start":{"line":52,"column":2},"end":{"line":57,"column":4}},"14":{"start":{"line":53,"column":4},"end":{"line":55,"column":5}},"15":{"start":{"line":54,"column":6},"end":{"line":54,"column":88}},"16":{"start":{"line":56,"column":4},"end":{"line":56,"column":11}}},"fnMap":{"0":{"name":"authenticateToken","decl":{"start":{"line":28,"column":16},"end":{"line":28,"column":33}},"loc":{"start":{"line":28,"column":94},"end":{"line":49,"column":1}}},"1":{"name":"(anonymous_2)","decl":{"start":{"line":37,"column":51},"end":{"line":37,"column":52}},"loc":{"start":{"line":37,"column":75},"end":{"line":48,"column":3}}},"2":{"name":"requireRole","decl":{"start":{"line":51,"column":16},"end":{"line":51,"column":27}},"loc":{"start":{"line":51,"column":43},"end":{"line":58,"column":1}}},"3":{"name":"(anonymous_4)","decl":{"start":{"line":52,"column":9},"end":{"line":52,"column":10}},"loc":{"start":{"line":52,"column":74},"end":{"line":57,"column":3}}}},"branchMap":{"0":{"loc":{"start":{"line":30,"column":16},"end":{"line":30,"column":54}},"type":"binary-expr","locations":[{"start":{"line":30,"column":16},"end":{"line":30,"column":26}},{"start":{"line":30,"column":30},"end":{"line":30,"column":54}}]},"1":{"loc":{"start":{"line":33,"column":2},"end":{"line":35,"column":3}},"type":"if","locations":[{"start":{"line":33,"column":2},"end":{"line":35,"column":3}}]},"2":{"loc":{"start":{"line":38,"column":4},"end":{"line":45,"column":5}},"type":"if","locations":[{"start":{"line":38,"column":4},"end":{"line":45,"column":5}}]},"3":{"loc":{"start":{"line":42,"column":15},"end":{"line":42,"column":76}},"type":"cond-expr","locations":[{"start":{"line":42,"column":27},"end":{"line":42,"column":58}},{"start":{"line":42,"column":61},"end":{"line":42,"column":76}}]},"4":{"loc":{"start":{"line":43,"column":14},"end":{"line":43,"column":59}},"type":"cond-expr","locations":[{"start":{"line":43,"column":26},"end":{"line":43,"column":41}},{"start":{"line":43,"column":44},"end":{"line":43,"column":59}}]},"5":{"loc":{"start":{"line":53,"column":4},"end":{"line":55,"column":5}},"type":"if","locations":[{"start":{"line":53,"column":4},"end":{"line":55,"column":5}}]},"6":{"loc":{"start":{"line":53,"column":8},"end":{"line":53,"column":51}},"type":"binary-expr","locations":[{"start":{"line":53,"column":8},"end":{"line":53,"column":17}},{"start":{"line":53,"column":21},"end":{"line":53,"column":51}}]}},"s":{"0":2,"1":2,"2":2,"3":8,"4":8,"5":8,"6":2,"7":6,"8":6,"9":1,"10":1,"11":5,"12":5,"13":1,"14":2,"15":1,"16":1},"f":{"0":8,"1":6,"2":1,"3":2},"b":{"0":[8,6],"1":[2],"2":[1],"3":[0,1],"4":[0,1],"5":[1],"6":[2,2]}}
,"C:\\Users\\AM 2024\\Downloads\\معرض المشاريع\\cashier system\\backend\\src\\middleware\\logger.ts": {"path":"C:\\Users\\AM 2024\\Downloads\\معرض المشاريع\\cashier system\\backend\\src\\middleware\\logger.ts","statementMap":{"0":{"start":{"line":41,"column":0},"end":{"line":41,"column":16}},"1":{"start":{"line":66,"column":0},"end":{"line":66,"column":16}},"2":{"start":{"line":23,"column":26},"end":{"line":28,"column":4}},"3":{"start":{"line":30,"column":2},"end":{"line":30,"column":37}},"4":{"start":{"line":33,"column":13},"end":{"line":38,"column":2}},"5":{"start":{"line":34,"column":58},"end":{"line":34,"column":81}},"6":{"start":{"line":35,"column":57},"end":{"line":35,"column":79}},"7":{"start":{"line":36,"column":57},"end":{"line":36,"column":79}},"8":{"start":{"line":37,"column":58},"end":{"line":37,"column":81}},"9":{"start":{"line":42,"column":20},"end":{"line":42,"column":30}},"10":{"start":{"line":43,"column":14},"end":{"line":44,"column":31}},"11":{"start":{"line":46,"column":2},"end":{"line":60,"column":5}},"12":{"start":{"line":47,"column":23},"end":{"line":47,"column":45}},"13":{"start":{"line":48,"column":28},"end":{"line":50,"column":14}},"14":{"start":{"line":52,"column":4},"end":{"line":59,"column":7}},"15":{"start":{"line":62,"column":2},"end":{"line":62,"column":9}},"16":{"start":{"line":67,"column":2},"end":{"line":72,"column":5}},"17":{"start":{"line":75,"column":16},"end":{"line":75,"column":54}},"18":{"start":{"line":76,"column":2},"end":{"line":79,"column":5}}},"fnMap":{"0":{"name":"log","decl":{"start":{"line":22,"column":9},"end":{"line":22,"column":12}},"loc":{"start":{"line":22,"column":81},"end":{"line":31,"column":1}}},"1":{"name":"(anonymous_1)","decl":{"start":{"line":34,"column":9},"end":{"line":34,"column":10}},"loc":{"start":{"line":34,"column":58},"end":{"line":34,"column":81}}},"2":{"name":"(anonymous_2)","decl":{"start":{"line":35,"column":8},"end":{"line":35,"column":9}},"loc":{"start":{"line":35,"column":57},"end":{"line":35,"column":79}}},"3":{"name":"(anonymous_3)","decl":{"start":{"line":36,"column":8},"end":{"line":36,"column":9}},"loc":{"start":{"line":36,"column":57},"end":{"line":36,"column":79}}},"4":{"name":"(anonymous_4)","decl":{"start":{"line":37,"column":9},"end":{"line":37,"column":10}},"loc":{"start":{"line":37,"column":58},"end":{"line":37,"column":81}}},"5":{"name":"requestLogger","decl":{"start":{"line":41,"column":16},"end":{"line":41,"column":29}},"loc":{"start":{"line":41,"column":77},"end":{"line":63,"column":1}}},"6":{"name":"(anonymous_6)","decl":{"start":{"line":46,"column":19},"end":{"line":46,"column":22}},"loc":{"start":{"line":46,"column":24},"end":{"line":60,"column":3}}},"7":{"name":"errorHandler","decl":{"start":{"line":66,"column":16},"end":{"line":66,"column":28}},"loc":{"start":{"line":66,"column":89},"end":{"line":80,"column":1}}}},"branchMap":{"0":{"loc":{"start":{"line":22,"column":47},"end":{"line":22,"column":81}},"type":"default-arg","locations":[{"start":{"line":22,"column":79},"end":{"line":22,"column":81}}]},"1":{"loc":{"start":{"line":43,"column":14},"end":{"line":44,"column":31}},"type":"binary-expr","locations":[{"start":{"line":43,"column":14},"end":{"line":43,"column":78}},{"start":{"line":44,"column":7},"end":{"line":44,"column":31}}]},"2":{"loc":{"start":{"line":48,"column":28},"end":{"line":50,"column":14}},"type":"cond-expr","locations":[{"start":{"line":48,"column":52},"end":{"line":48,"column":59}},{"start":{"line":49,"column":8},"end":{"line":50,"column":14}}]},"3":{"loc":{"start":{"line":49,"column":8},"end":{"line":50,"column":14}},"type":"cond-expr","locations":[{"start":{"line":49,"column":32},"end":{"line":49,"column":38}},{"start":{"line":50,"column":8},"end":{"line":50,"column":14}}]},"4":{"loc":{"start":{"line":69,"column":11},"end":{"line":69,"column":73}},"type":"cond-expr","locations":[{"start":{"line":69,"column":52},"end":{"line":69,"column":61}},{"start":{"line":69,"column":64},"end":{"line":69,"column":73}}]},"5":{"loc":{"start":{"line":78,"column":8},"end":{"line":78,"column":45}},"type":"cond-expr","locations":[{"start":{"line":78,"column":16},"end":{"line":78,"column":40}},{"start":{"line":78,"column":43},"end":{"line":78,"column":45}}]}},"s":{"0":3,"1":3,"2":57,"3":57,"4":3,"5":0,"6":42,"7":13,"8":2,"9":27,"10":27,"11":27,"12":27,"13":27,"14":27,"15":27,"16":1,"17":1,"18":1},"f":{"0":57,"1":0,"2":42,"3":13,"4":2,"5":27,"6":27,"7":1},"b":{"0":[9],"1":[27,27],"2":[1,26],"3":[10,16],"4":[0,1],"5":[0,1]}}
}
