TN:
SF:src\config\db.ts
FN:38,initDb
FN:80,closeDb
FN:95,query
FN:123,withTransaction
FN:153,dbHealthCheck
FN:175,createSqliteSchema
FNF:6
FNH:5
FNDA:3,initDb
FNDA:3,closeDb
FNDA:101,query
FNDA:0,withTransaction
FNDA:1,dbHealthCheck
FNDA:3,createSqliteSchema
DA:13,3
DA:14,3
DA:15,3
DA:16,3
DA:17,3
DA:18,3
DA:20,3
DA:22,3
DA:23,3
DA:24,3
DA:27,3
DA:38,3
DA:80,3
DA:87,3
DA:88,3
DA:89,3
DA:90,3
DA:95,3
DA:119,0
DA:123,3
DA:149,0
DA:153,3
DA:154,1
DA:155,1
DA:168,0
DA:170,0
DA:176,3
DA:178,3
DA:354,3
DA:396,3
LF:30
LH:26
BRDA:22,0,0,0
BRDA:22,0,1,3
BRDA:22,1,0,3
BRDA:22,1,1,0
BRDA:29,2,0,3
BRDA:29,2,1,3
BRDA:30,3,0,3
BRDA:30,3,1,3
BRDA:34,4,0,0
BRDA:34,4,1,3
BRDA:87,5,0,3
BRDA:95,6,0,68
BRDA:176,7,0,0
BRF:13
BRH:9
end_of_record
TN:
SF:src\controllers\authController.ts
FN:38,validatePasswordStrength
FN:45,getClientIp
FN:52,login
FN:121,register
FN:171,token
FN:213,logout
FNF:6
FNH:6
FNDA:11,validatePasswordStrength
FNDA:22,getClientIp
FNDA:7,login
FNDA:12,register
FNDA:2,token
FNDA:1,logout
DA:14,1
DA:15,1
DA:16,1
DA:17,1
DA:19,1
DA:32,1
DA:35,1
DA:39,11
DA:40,10
DA:41,10
DA:42,10
DA:46,22
DA:52,1
DA:53,7
DA:55,7
DA:56,0
DA:60,7
DA:61,0
DA:64,7
DA:66,7
DA:71,7
DA:73,1
DA:74,1
DA:77,6
DA:78,6
DA:80,6
DA:81,1
DA:82,1
DA:85,5
DA:87,5
DA:88,5
DA:91,5
DA:92,5
DA:93,5
DA:94,5
DA:104,5
DA:106,5
DA:121,1
DA:122,12
DA:124,12
DA:125,0
DA:129,12
DA:130,1
DA:134,11
DA:135,11
DA:136,1
DA:140,10
DA:141,1
DA:144,9
DA:145,9
DA:146,9
DA:147,1
DA:151,8
DA:153,8
DA:155,8
DA:160,8
DA:161,8
DA:171,1
DA:172,2
DA:174,2
DA:175,0
DA:180,2
DA:181,2
DA:183,1
DA:184,1
DA:188,1
DA:189,1
DA:194,1
DA:195,0
DA:196,0
DA:203,1
DA:209,1
DA:213,1
DA:214,1
DA:216,1
DA:217,1
DA:219,1
DA:226,1
DA:227,1
LF:79
LH:73
BRDA:39,0,0,1
BRDA:40,1,0,0
BRDA:41,2,0,0
BRDA:46,3,0,22
BRDA:46,3,1,22
BRDA:46,3,2,0
BRDA:55,4,0,0
BRDA:55,5,0,7
BRDA:55,5,1,7
BRDA:60,6,0,0
BRDA:71,7,0,1
BRDA:80,8,0,1
BRDA:124,9,0,0
BRDA:124,10,0,12
BRDA:124,10,1,12
BRDA:124,10,2,12
BRDA:124,10,3,12
BRDA:124,10,4,12
BRDA:129,11,0,1
BRDA:135,12,0,1
BRDA:140,13,0,1
BRDA:146,14,0,1
BRDA:174,15,0,0
BRDA:194,16,0,0
BRDA:216,17,0,1
BRF:25
BRH:17
end_of_record
TN:
SF:src\middleware\auth.ts
FN:28,authenticateToken
FN:37,(anonymous_2)
FN:51,requireRole
FN:52,(anonymous_4)
FNF:4
FNH:4
FNDA:8,authenticateToken
FNDA:6,(anonymous_2)
FNDA:1,requireRole
FNDA:2,(anonymous_4)
DA:9,2
DA:28,2
DA:29,8
DA:30,8
DA:33,8
DA:34,2
DA:37,6
DA:38,6
DA:40,1
DA:41,1
DA:46,5
DA:47,5
DA:51,2
DA:52,1
DA:53,2
DA:54,1
DA:56,1
LF:17
LH:17
BRDA:30,0,0,8
BRDA:30,0,1,6
BRDA:33,1,0,2
BRDA:38,2,0,1
BRDA:42,3,0,0
BRDA:42,3,1,1
BRDA:43,4,0,0
BRDA:43,4,1,1
BRDA:53,5,0,1
BRDA:53,6,0,2
BRDA:53,6,1,2
BRF:11
BRH:9
end_of_record
TN:
SF:src\middleware\logger.ts
FN:22,log
FN:34,(anonymous_1)
FN:35,(anonymous_2)
FN:36,(anonymous_3)
FN:37,(anonymous_4)
FN:41,requestLogger
FN:46,(anonymous_6)
FN:66,errorHandler
FNF:8
FNH:7
FNDA:57,log
FNDA:0,(anonymous_1)
FNDA:42,(anonymous_2)
FNDA:13,(anonymous_3)
FNDA:2,(anonymous_4)
FNDA:27,requestLogger
FNDA:27,(anonymous_6)
FNDA:1,errorHandler
DA:23,57
DA:30,57
DA:33,3
DA:34,0
DA:35,42
DA:36,13
DA:37,2
DA:41,3
DA:42,27
DA:43,27
DA:46,27
DA:47,27
DA:48,27
DA:52,27
DA:62,27
DA:66,3
DA:67,1
DA:75,1
DA:76,1
LF:19
LH:18
BRDA:22,0,0,9
BRDA:43,1,0,27
BRDA:43,1,1,27
BRDA:48,2,0,1
BRDA:48,2,1,26
BRDA:49,3,0,10
BRDA:49,3,1,16
BRDA:69,4,0,0
BRDA:69,4,1,1
BRDA:78,5,0,0
BRDA:78,5,1,1
BRF:11
BRH:9
end_of_record
